2025-07-08 14:37:02,036 - INFO - Login event - Username: alice, Status: success
2025-07-08 14:37:02,037 - WARNING - Login event - Username: Bob, Status: expired
2025-07-08 14:37:02,037 - ERROR - Login event - Username: carol, Status: failed
2025-07-08 14:37:02,037 - ERROR - Login event - Username: dave, Status: invalid
2025-07-08 14:37:02,037 - ERROR - Login event - Username: admin, Status: unknown
2025-07-08 14:49:28,518 - INFO - Login event - Username: alice, Status: success
2025-07-08 14:49:28,519 - WARNING - Login event - Username: Bob, Status: expired
2025-07-08 14:49:28,519 - ERROR - Login event - Username: carol, Status: failed
2025-07-08 14:49:28,519 - ERROR - Login event - Username: dave, Status: invalid
2025-07-08 14:49:28,519 - ERROR - Login event - Username: admin, Status: unknown
2025-07-08 15:40:01,724 - INFO - Login event - Username: alice, Status: success
2025-07-08 15:40:01,726 - WARNING - Login event - Username: bob, Status: expired
2025-07-08 15:40:01,727 - ERROR - Login event - Username: carol, Status: failed
2025-07-08 15:40:01,729 - ERROR - Login event - Username: dave, Status: invalid
2025-07-08 15:43:48,690 - INFO - Login event - Username: alice, Status: success
2025-07-08 15:43:48,692 - WARNING - Login event - Username: bob, Status: expired
2025-07-08 15:43:48,696 - ERROR - Login event - Username: carol, Status: failed
2025-07-08 15:43:48,699 - ERROR - Login event - Username: dave, Status: invalid
2025-07-08 15:44:17,389 - INFO - Login event - Username: alice, Status: success
2025-07-08 15:44:17,392 - WARNING - Login event - Username: bob, Status: expired
2025-07-08 15:44:17,394 - ERROR - Login event - Username: carol, Status: failed
2025-07-08 15:44:17,396 - ERROR - Login event - Username: dave, Status: invalid
2025-07-08 15:46:54,684 - INFO - Login event - Username: alice, Status: success
2025-07-08 15:46:54,686 - WARNING - Login event - Username: bob, Status: expired
2025-07-08 15:46:54,688 - ERROR - Login event - Username: carol, Status: failed
2025-07-08 15:46:54,690 - ERROR - Login event - Username: dave, Status: invalid
